<?xml version="1.0" encoding="UTF-8"?>
<testng-results skipped="0" failed="0" ignored="0" total="1" passed="1">
  <reporter-output>
  </reporter-output>
  <suite name="Default suite" duration-ms="10556" started-at="2020-10-20T08:21:37Z" finished-at="2020-10-20T08:21:48Z">
    <groups>
    </groups>
    <test name="Default test" duration-ms="10556" started-at="2020-10-20T08:21:37Z" finished-at="2020-10-20T08:21:48Z">
      <class name="com.test.Test.TestNGPractise">
        <test-method status="PASS" signature="initial_SetUp()[pri:0, instance:com.test.Test.TestNGPractise@25bbe1b6]" name="initial_SetUp" is-config="true" duration-ms="7958" started-at="2020-10-20T13:51:37Z" finished-at="2020-10-20T13:51:45Z">
          <reporter-output>
          </reporter-output>
        </test-method> <!-- initial_SetUp -->
        <test-method status="PASS" signature="launchingCreateAccount()[pri:0, instance:com.test.Test.TestNGPractise@25bbe1b6]" name="launchingCreateAccount" duration-ms="2573" started-at="2020-10-20T13:51:45Z" finished-at="2020-10-20T13:51:48Z">
          <reporter-output>
          </reporter-output>
        </test-method> <!-- launchingCreateAccount -->
      </class> <!-- com.test.Test.TestNGPractise -->
    </test> <!-- Default test -->
  </suite> <!-- Default suite -->
</testng-results>
